
==========================================================================
global place report_tns
--------------------------------------------------------------------------
tns 0.00

==========================================================================
global place report_wns
--------------------------------------------------------------------------
wns 0.00

==========================================================================
global place report_worst_slack
--------------------------------------------------------------------------
worst slack INF

==========================================================================
global place report_checks -path_delay min
--------------------------------------------------------------------------
No paths found.

==========================================================================
global place report_checks -path_delay max
--------------------------------------------------------------------------
No paths found.

==========================================================================
global place report_checks -unconstrained
--------------------------------------------------------------------------
Startpoint: i_up_down (input port clocked by core_clock)
Endpoint: o_count[3]$_SDFF_PP0_ (rising edge-triggered flip-flop)
Path Group: unconstrained
Path Type: max

Fanout     Cap    Slew   Delay    Time   Description
-----------------------------------------------------------------------------
                          0.50    0.50 v input external delay
     1    4.24    0.00    0.00    0.50 v i_up_down (in)
                                         i_up_down (net)
                  0.00    0.00    0.50 v _24_/A (BUF_X4)
     5   15.94    0.01    0.02    0.52 v _24_/Z (BUF_X4)
                                         _07_ (net)
                  0.01    0.00    0.53 v _33_/A2 (AND4_X2)
     2    3.62    0.01    0.03    0.56 v _33_/ZN (AND4_X2)
                                         _14_ (net)
                  0.01    0.00    0.56 v _35_/A2 (OR3_X2)
     1    1.64    0.01    0.07    0.63 v _35_/ZN (OR3_X2)
                                         _16_ (net)
                  0.01    0.00    0.63 v _37_/A2 (AND3_X2)
     1    1.22    0.01    0.03    0.66 v _37_/ZN (AND3_X2)
                                         _04_ (net)
                  0.01    0.00    0.66 v o_count[3]$_SDFF_PP0_/D (DFF_X1)
                                  0.66   data arrival time
-----------------------------------------------------------------------------
(Path is unconstrained)



==========================================================================
global place report_power
--------------------------------------------------------------------------
Group                  Internal  Switching    Leakage      Total
                          Power      Power      Power      Power (Watts)
----------------------------------------------------------------
Sequential             4.05e-06   1.99e-06   3.15e-07   6.35e-06  38.2%
Combinational          6.66e-06   2.74e-06   8.90e-07   1.03e-05  61.8%
Clock                  0.00e+00   0.00e+00   0.00e+00   0.00e+00   0.0%
Macro                  0.00e+00   0.00e+00   0.00e+00   0.00e+00   0.0%
Pad                    0.00e+00   0.00e+00   0.00e+00   0.00e+00   0.0%
----------------------------------------------------------------
Total                  1.07e-05   4.72e-06   1.20e-06   1.66e-05 100.0%
                          64.4%      28.4%       7.2%
